<?xml version="1.0" encoding="UTF-8"?>
<testsuite xmlns:xsi="http://www.w3.org/2001/XMLSchema-instance" xsi:noNamespaceSchemaLocation="https://maven.apache.org/surefire/maven-surefire-plugin/xsd/surefire-test-report.xsd" name="GetListOfOrdersTest" time="3.579" tests="1" errors="0" skipped="0" failures="0">
  <properties>
    <property name="sun.desktop" value="windows"/>
    <property name="awt.toolkit" value="sun.awt.windows.WToolkit"/>
    <property name="java.specification.version" value="11"/>
    <property name="sun.cpu.isalist" value="amd64"/>
    <property name="sun.jnu.encoding" value="Cp1251"/>
    <property name="java.class.path" value="C:\Users\yulyako\NewPapka\Sprint_7new\target\test-classes;C:\Users\yulyako\NewPapka\Sprint_7new\target\classes;C:\Users\yulyako\.m2\repository\io\qameta\allure\allure-junit4\2.19.0\allure-junit4-2.19.0.jar;C:\Users\yulyako\.m2\repository\io\qameta\allure\allure-java-commons\2.19.0\allure-java-commons-2.19.0.jar;C:\Users\yulyako\.m2\repository\org\slf4j\slf4j-api\1.7.30\slf4j-api-1.7.30.jar;C:\Users\yulyako\.m2\repository\io\qameta\allure\allure-model\2.19.0\allure-model-2.19.0.jar;C:\Users\yulyako\.m2\repository\io\qameta\allure\allure-rest-assured\2.19.0\allure-rest-assured-2.19.0.jar;C:\Users\yulyako\.m2\repository\io\qameta\allure\allure-attachments\2.19.0\allure-attachments-2.19.0.jar;C:\Users\yulyako\.m2\repository\org\freemarker\freemarker\2.3.31\freemarker-2.3.31.jar;C:\Users\yulyako\.m2\repository\io\rest-assured\rest-assured\5.2.0\rest-assured-5.2.0.jar;C:\Users\yulyako\.m2\repository\org\apache\groovy\groovy\4.0.1\groovy-4.0.1.jar;C:\Users\yulyako\.m2\repository\org\apache\groovy\groovy-xml\4.0.1\groovy-xml-4.0.1.jar;C:\Users\yulyako\.m2\repository\org\apache\httpcomponents\httpclient\4.5.13\httpclient-4.5.13.jar;C:\Users\yulyako\.m2\repository\org\apache\httpcomponents\httpcore\4.4.13\httpcore-4.4.13.jar;C:\Users\yulyako\.m2\repository\commons-logging\commons-logging\1.2\commons-logging-1.2.jar;C:\Users\yulyako\.m2\repository\commons-codec\commons-codec\1.11\commons-codec-1.11.jar;C:\Users\yulyako\.m2\repository\org\apache\httpcomponents\httpmime\4.5.13\httpmime-4.5.13.jar;C:\Users\yulyako\.m2\repository\org\hamcrest\hamcrest\2.1\hamcrest-2.1.jar;C:\Users\yulyako\.m2\repository\org\ccil\cowan\tagsoup\tagsoup\1.2.1\tagsoup-1.2.1.jar;C:\Users\yulyako\.m2\repository\io\rest-assured\xml-path\5.2.0\xml-path-5.2.0.jar;C:\Users\yulyako\.m2\repository\io\rest-assured\json-path\5.2.0\json-path-5.2.0.jar;C:\Users\yulyako\.m2\repository\org\apache\groovy\groovy-json\4.0.1\groovy-json-4.0.1.jar;C:\Users\yulyako\.m2\repository\io\rest-assured\rest-assured-common\5.2.0\rest-assured-common-5.2.0.jar;C:\Users\yulyako\.m2\repository\com\google\code\gson\gson\2.9.0\gson-2.9.0.jar;C:\Users\yulyako\.m2\repository\junit\junit\4.13.2\junit-4.13.2.jar;C:\Users\yulyako\.m2\repository\org\hamcrest\hamcrest-core\1.3\hamcrest-core-1.3.jar;C:\Users\yulyako\.m2\repository\org\apache\commons\commons-lang3\3.12.0\commons-lang3-3.12.0.jar;"/>
    <property name="java.vm.vendor" value="Amazon.com Inc."/>
    <property name="sun.arch.data.model" value="64"/>
    <property name="user.variant" value=""/>
    <property name="java.vendor.url" value="https://aws.amazon.com/corretto/"/>
    <property name="user.timezone" value="Europe/Moscow"/>
    <property name="java.vm.specification.version" value="11"/>
    <property name="os.name" value="Windows 10"/>
    <property name="sun.java.launcher" value="SUN_STANDARD"/>
    <property name="user.country" value="RU"/>
    <property name="sun.boot.library.path" value="C:\Program Files\Amazon Corretto\jdk11.0.15_9\bin"/>
    <property name="sun.java.command" value="C:\Users\yulyako\AppData\Local\Temp\surefire10152072914112920428\surefirebooter14559609646909764679.jar C:\Users\yulyako\AppData\Local\Temp\surefire10152072914112920428 2022-10-12T13-22-46_375-jvmRun1 surefire17467955210112071933tmp surefire_07947816159831188014tmp"/>
    <property name="jdk.debug" value="release"/>
    <property name="surefire.test.class.path" value="C:\Users\yulyako\NewPapka\Sprint_7new\target\test-classes;C:\Users\yulyako\NewPapka\Sprint_7new\target\classes;C:\Users\yulyako\.m2\repository\io\qameta\allure\allure-junit4\2.19.0\allure-junit4-2.19.0.jar;C:\Users\yulyako\.m2\repository\io\qameta\allure\allure-java-commons\2.19.0\allure-java-commons-2.19.0.jar;C:\Users\yulyako\.m2\repository\org\slf4j\slf4j-api\1.7.30\slf4j-api-1.7.30.jar;C:\Users\yulyako\.m2\repository\io\qameta\allure\allure-model\2.19.0\allure-model-2.19.0.jar;C:\Users\yulyako\.m2\repository\io\qameta\allure\allure-rest-assured\2.19.0\allure-rest-assured-2.19.0.jar;C:\Users\yulyako\.m2\repository\io\qameta\allure\allure-attachments\2.19.0\allure-attachments-2.19.0.jar;C:\Users\yulyako\.m2\repository\org\freemarker\freemarker\2.3.31\freemarker-2.3.31.jar;C:\Users\yulyako\.m2\repository\io\rest-assured\rest-assured\5.2.0\rest-assured-5.2.0.jar;C:\Users\yulyako\.m2\repository\org\apache\groovy\groovy\4.0.1\groovy-4.0.1.jar;C:\Users\yulyako\.m2\repository\org\apache\groovy\groovy-xml\4.0.1\groovy-xml-4.0.1.jar;C:\Users\yulyako\.m2\repository\org\apache\httpcomponents\httpclient\4.5.13\httpclient-4.5.13.jar;C:\Users\yulyako\.m2\repository\org\apache\httpcomponents\httpcore\4.4.13\httpcore-4.4.13.jar;C:\Users\yulyako\.m2\repository\commons-logging\commons-logging\1.2\commons-logging-1.2.jar;C:\Users\yulyako\.m2\repository\commons-codec\commons-codec\1.11\commons-codec-1.11.jar;C:\Users\yulyako\.m2\repository\org\apache\httpcomponents\httpmime\4.5.13\httpmime-4.5.13.jar;C:\Users\yulyako\.m2\repository\org\hamcrest\hamcrest\2.1\hamcrest-2.1.jar;C:\Users\yulyako\.m2\repository\org\ccil\cowan\tagsoup\tagsoup\1.2.1\tagsoup-1.2.1.jar;C:\Users\yulyako\.m2\repository\io\rest-assured\xml-path\5.2.0\xml-path-5.2.0.jar;C:\Users\yulyako\.m2\repository\io\rest-assured\json-path\5.2.0\json-path-5.2.0.jar;C:\Users\yulyako\.m2\repository\org\apache\groovy\groovy-json\4.0.1\groovy-json-4.0.1.jar;C:\Users\yulyako\.m2\repository\io\rest-assured\rest-assured-common\5.2.0\rest-assured-common-5.2.0.jar;C:\Users\yulyako\.m2\repository\com\google\code\gson\gson\2.9.0\gson-2.9.0.jar;C:\Users\yulyako\.m2\repository\junit\junit\4.13.2\junit-4.13.2.jar;C:\Users\yulyako\.m2\repository\org\hamcrest\hamcrest-core\1.3\hamcrest-core-1.3.jar;C:\Users\yulyako\.m2\repository\org\apache\commons\commons-lang3\3.12.0\commons-lang3-3.12.0.jar;"/>
    <property name="sun.cpu.endian" value="little"/>
    <property name="allure.results.directory" value="C:\Users\yulyako\NewPapka\Sprint_7new\target/allure-results"/>
    <property name="user.home" value="C:\Users\yulyako"/>
    <property name="user.language" value="ru"/>
    <property name="java.specification.vendor" value="Oracle Corporation"/>
    <property name="java.version.date" value="2022-04-19"/>
    <property name="java.home" value="C:\Program Files\Amazon Corretto\jdk11.0.15_9"/>
    <property name="file.separator" value="\"/>
    <property name="basedir" value="C:\Users\yulyako\NewPapka\Sprint_7new"/>
    <property name="java.vm.compressedOopsMode" value="Zero based"/>
    <property name="line.separator" value="&#10;"/>
    <property name="java.specification.name" value="Java Platform API Specification"/>
    <property name="java.vm.specification.vendor" value="Oracle Corporation"/>
    <property name="java.awt.graphicsenv" value="sun.awt.Win32GraphicsEnvironment"/>
    <property name="surefire.real.class.path" value="C:\Users\yulyako\AppData\Local\Temp\surefire10152072914112920428\surefirebooter14559609646909764679.jar"/>
    <property name="user.script" value=""/>
    <property name="sun.management.compiler" value="HotSpot 64-Bit Tiered Compilers"/>
    <property name="java.runtime.version" value="11.0.15+9-LTS"/>
    <property name="user.name" value="yulyako"/>
    <property name="path.separator" value=";"/>
    <property name="os.version" value="10.0"/>
    <property name="java.runtime.name" value="OpenJDK Runtime Environment"/>
    <property name="file.encoding" value="Cp1251"/>
    <property name="java.vm.name" value="OpenJDK 64-Bit Server VM"/>
    <property name="java.vendor.version" value="Corretto-11.0.15.9.1"/>
    <property name="localRepository" value="C:\Users\yulyako\.m2\repository"/>
    <property name="java.vendor.url.bug" value="https://github.com/corretto/corretto-11/issues/"/>
    <property name="java.io.tmpdir" value="C:\Users\yulyako\AppData\Local\Temp\"/>
    <property name="idea.version" value="2022.1.3"/>
    <property name="java.version" value="11.0.15"/>
    <property name="user.dir" value="C:\Users\yulyako\NewPapka\Sprint_7new"/>
    <property name="os.arch" value="amd64"/>
    <property name="java.vm.specification.name" value="Java Virtual Machine Specification"/>
    <property name="java.awt.printerjob" value="sun.awt.windows.WPrinterJob"/>
    <property name="sun.os.patch.level" value=""/>
    <property name="java.library.path" value="C:\Program Files\Amazon Corretto\jdk11.0.15_9\bin;C:\windows\Sun\Java\bin;C:\windows\system32;C:\windows;C:\Program Files\Amazon Corretto\jdk11.0.15_9\bin;C:\windows\system32;C:\windows;C:\windows\System32\Wbem;C:\windows\System32\WindowsPowerShell\v1.0\;C:\windows\System32\OpenSSH\;C:\Program Files\Git\cmd;C:\Program Files\Git\mingw64\bin;C:\Program Files\Git\usr\bin;C:\WebDriver;;C:\Program Files\Docker\Docker\resources\bin;C:\ProgramData\DockerDesktop\version-bin;C:\Users\yulyako\AppData\Local\Microsoft\WindowsApps;C:\Users\yulyako\AppData\Local\Programs\Fiddler;C:\Program Files\apache-maven-3.8.6\bin;C:\Program Files\Amazon Corretto\jdk11.0.15_9;C:\Program Files\Amazon Corretto\jdk11.0.15_9\bin;C:\Users\yulyako\WebDriver\bin;C:\WebDriver;C:\Program Files\allure-2.19.0\bin;;."/>
    <property name="java.vm.info" value="mixed mode"/>
    <property name="java.vendor" value="Amazon.com Inc."/>
    <property name="java.vm.version" value="11.0.15+9-LTS"/>
    <property name="sun.io.unicode.encoding" value="UnicodeLittle"/>
    <property name="java.class.version" value="55.0"/>
  </properties>
  <testcase name="getListOfOrders" classname="GetListOfOrdersTest" time="3.579"/>
</testsuite>